<?xml version="1.0" encoding="UTF-8"?>
<testng-results ignored="0" total="2" passed="2" failed="0" skipped="0">
  <reporter-output>
  </reporter-output>
  <suite started-at="2025-03-03T13:13:14 IST" name="Default suite" finished-at="2025-03-03T13:13:14 IST" duration-ms="114">
    <groups>
    </groups>
    <test started-at="2025-03-03T13:13:14 IST" name="Default test" finished-at="2025-03-03T13:13:14 IST" duration-ms="114">
      <class name="pack1.ContactTest">
        <test-method signature="createContactTest()[pri:0, instance:pack1.ContactTest@1573f9fc]" started-at="2025-03-03T13:13:14 IST" name="createContactTest" finished-at="2025-03-03T13:13:14 IST" duration-ms="21" status="PASS">
          <reporter-output>
          </reporter-output>
        </test-method> <!-- createContactTest -->
        <test-method signature="modifyContactTest()[pri:0, instance:pack1.ContactTest@1573f9fc]" started-at="2025-03-03T13:13:14 IST" name="modifyContactTest" finished-at="2025-03-03T13:13:14 IST" duration-ms="4" status="PASS">
          <reporter-output>
          </reporter-output>
        </test-method> <!-- modifyContactTest -->
      </class> <!-- pack1.ContactTest -->
    </test> <!-- Default test -->
  </suite> <!-- Default suite -->
</testng-results>
